2025-07-20 21:37:56,977 [main] [org.apache.ibatis.logging.LogFactory] - [DEBUG] Logging initialized using 'class org.apache.ibatis.logging.slf4j.Slf4jImpl' adapter.
2025-07-20 21:37:56,985 [main] [org.apache.ibatis.io.VFS] - [DEBUG] Using VFS adapter org.apache.ibatis.io.JBoss6VFS
2025-07-20 21:37:56,989 [main] [org.apache.ibatis.io.ResolverUtil] - [DEBUG] Checking to see if class com.lsxp.pojo.UserAccount matches criteria [is assignable to Object]
2025-07-20 21:37:57,004 [main] [org.apache.ibatis.datasource.pooled.PooledDataSource] - [DEBUG] PooledDataSource forcefully closed/removed all connections.
2025-07-20 21:37:57,005 [main] [org.apache.ibatis.datasource.pooled.PooledDataSource] - [DEBUG] PooledDataSource forcefully closed/removed all connections.
2025-07-20 21:37:57,005 [main] [org.apache.ibatis.datasource.pooled.PooledDataSource] - [DEBUG] PooledDataSource forcefully closed/removed all connections.
2025-07-20 21:37:57,005 [main] [org.apache.ibatis.datasource.pooled.PooledDataSource] - [DEBUG] PooledDataSource forcefully closed/removed all connections.
2025-07-20 21:37:57,007 [main] [org.apache.ibatis.io.ResolverUtil] - [DEBUG] Checking to see if class com.lsxp.mapper.UserAccountMapperTest matches criteria [is assignable to Object]
2025-07-20 21:37:57,008 [main] [org.apache.ibatis.io.ResolverUtil] - [DEBUG] Checking to see if class com.lsxp.dao.UserAccountDaoTest matches criteria [is assignable to Object]
2025-07-20 21:37:57,008 [main] [org.apache.ibatis.io.ResolverUtil] - [DEBUG] Checking to see if class com.lsxp.mapper.UserAccountMapper matches criteria [is assignable to Object]
2025-07-20 21:37:57,008 [main] [org.apache.ibatis.io.ResolverUtil] - [DEBUG] Checking to see if class com.lsxp.dao.UserAccountDao matches criteria [is assignable to Object]
2025-07-20 21:37:57,008 [main] [org.apache.ibatis.io.ResolverUtil] - [DEBUG] Checking to see if class com.lsxp.dao.impl.UserDaoImpl matches criteria [is assignable to Object]
2025-07-20 21:37:57,066 [main] [org.apache.ibatis.transaction.jdbc.JdbcTransaction] - [DEBUG] Opening JDBC Connection
2025-07-20 21:37:57,229 [main] [org.apache.ibatis.datasource.pooled.PooledDataSource] - [DEBUG] Created connection 1334042472.
2025-07-20 21:37:57,229 [main] [org.apache.ibatis.transaction.jdbc.JdbcTransaction] - [DEBUG] Setting autocommit to false on JDBC Connection [com.mysql.cj.jdbc.ConnectionImpl@4f83df68]
2025-07-20 21:37:57,233 [main] [com.lsxp.mapper.UserAccountMapper.findPasswordByAccount] - [DEBUG] ==>  Preparing: select password from user_account where account = ?
2025-07-20 21:37:57,254 [main] [com.lsxp.mapper.UserAccountMapper.findPasswordByAccount] - [DEBUG] ==> Parameters: 123(String)
2025-07-20 21:37:57,281 [main] [com.lsxp.mapper.UserAccountMapper.findPasswordByAccount] - [DEBUG] <==      Total: 1
2025-07-20 21:38:20,845 [main] [org.apache.ibatis.logging.LogFactory] - [DEBUG] Logging initialized using 'class org.apache.ibatis.logging.slf4j.Slf4jImpl' adapter.
2025-07-20 21:38:20,857 [main] [org.apache.ibatis.io.VFS] - [DEBUG] Using VFS adapter org.apache.ibatis.io.JBoss6VFS
2025-07-20 21:38:20,861 [main] [org.apache.ibatis.io.ResolverUtil] - [DEBUG] Checking to see if class com.lsxp.pojo.UserAccount matches criteria [is assignable to Object]
2025-07-20 21:38:20,877 [main] [org.apache.ibatis.datasource.pooled.PooledDataSource] - [DEBUG] PooledDataSource forcefully closed/removed all connections.
2025-07-20 21:38:20,877 [main] [org.apache.ibatis.datasource.pooled.PooledDataSource] - [DEBUG] PooledDataSource forcefully closed/removed all connections.
2025-07-20 21:38:20,877 [main] [org.apache.ibatis.datasource.pooled.PooledDataSource] - [DEBUG] PooledDataSource forcefully closed/removed all connections.
2025-07-20 21:38:20,877 [main] [org.apache.ibatis.datasource.pooled.PooledDataSource] - [DEBUG] PooledDataSource forcefully closed/removed all connections.
2025-07-20 21:38:20,880 [main] [org.apache.ibatis.io.ResolverUtil] - [DEBUG] Checking to see if class com.lsxp.mapper.UserAccountMapperTest matches criteria [is assignable to Object]
2025-07-20 21:38:20,880 [main] [org.apache.ibatis.io.ResolverUtil] - [DEBUG] Checking to see if class com.lsxp.dao.UserAccountDaoTest matches criteria [is assignable to Object]
2025-07-20 21:38:20,881 [main] [org.apache.ibatis.io.ResolverUtil] - [DEBUG] Checking to see if class com.lsxp.mapper.UserAccountMapper matches criteria [is assignable to Object]
2025-07-20 21:38:20,881 [main] [org.apache.ibatis.io.ResolverUtil] - [DEBUG] Checking to see if class com.lsxp.dao.UserAccountDao matches criteria [is assignable to Object]
2025-07-20 21:38:20,881 [main] [org.apache.ibatis.io.ResolverUtil] - [DEBUG] Checking to see if class com.lsxp.dao.impl.UserDaoImpl matches criteria [is assignable to Object]
2025-07-20 21:38:20,939 [main] [org.apache.ibatis.transaction.jdbc.JdbcTransaction] - [DEBUG] Opening JDBC Connection
2025-07-20 21:38:21,099 [main] [org.apache.ibatis.datasource.pooled.PooledDataSource] - [DEBUG] Created connection 1334042472.
2025-07-20 21:38:21,099 [main] [org.apache.ibatis.transaction.jdbc.JdbcTransaction] - [DEBUG] Setting autocommit to false on JDBC Connection [com.mysql.cj.jdbc.ConnectionImpl@4f83df68]
2025-07-20 21:38:21,103 [main] [com.lsxp.mapper.UserAccountMapper.findPasswordByAccount] - [DEBUG] ==>  Preparing: select password from user_account where account = ?
2025-07-20 21:38:21,128 [main] [com.lsxp.mapper.UserAccountMapper.findPasswordByAccount] - [DEBUG] ==> Parameters: 123(String)
2025-07-20 21:38:21,148 [main] [com.lsxp.mapper.UserAccountMapper.findPasswordByAccount] - [DEBUG] <==      Total: 1
2025-07-20 21:38:44,898 [main] [org.apache.ibatis.logging.LogFactory] - [DEBUG] Logging initialized using 'class org.apache.ibatis.logging.slf4j.Slf4jImpl' adapter.
2025-07-20 21:38:44,906 [main] [org.apache.ibatis.io.VFS] - [DEBUG] Using VFS adapter org.apache.ibatis.io.JBoss6VFS
2025-07-20 21:38:44,910 [main] [org.apache.ibatis.io.ResolverUtil] - [DEBUG] Checking to see if class com.lsxp.pojo.UserAccount matches criteria [is assignable to Object]
2025-07-20 21:38:44,927 [main] [org.apache.ibatis.datasource.pooled.PooledDataSource] - [DEBUG] PooledDataSource forcefully closed/removed all connections.
2025-07-20 21:38:44,928 [main] [org.apache.ibatis.datasource.pooled.PooledDataSource] - [DEBUG] PooledDataSource forcefully closed/removed all connections.
2025-07-20 21:38:44,928 [main] [org.apache.ibatis.datasource.pooled.PooledDataSource] - [DEBUG] PooledDataSource forcefully closed/removed all connections.
2025-07-20 21:38:44,928 [main] [org.apache.ibatis.datasource.pooled.PooledDataSource] - [DEBUG] PooledDataSource forcefully closed/removed all connections.
2025-07-20 21:38:44,930 [main] [org.apache.ibatis.io.ResolverUtil] - [DEBUG] Checking to see if class com.lsxp.mapper.UserAccountMapperTest matches criteria [is assignable to Object]
2025-07-20 21:38:44,931 [main] [org.apache.ibatis.io.ResolverUtil] - [DEBUG] Checking to see if class com.lsxp.dao.UserAccountDaoTest matches criteria [is assignable to Object]
2025-07-20 21:38:44,931 [main] [org.apache.ibatis.io.ResolverUtil] - [DEBUG] Checking to see if class com.lsxp.mapper.UserAccountMapper matches criteria [is assignable to Object]
2025-07-20 21:38:44,931 [main] [org.apache.ibatis.io.ResolverUtil] - [DEBUG] Checking to see if class com.lsxp.dao.UserAccountDao matches criteria [is assignable to Object]
2025-07-20 21:38:44,931 [main] [org.apache.ibatis.io.ResolverUtil] - [DEBUG] Checking to see if class com.lsxp.dao.impl.UserDaoImpl matches criteria [is assignable to Object]
2025-07-20 21:38:44,989 [main] [org.apache.ibatis.transaction.jdbc.JdbcTransaction] - [DEBUG] Opening JDBC Connection
2025-07-20 21:38:45,151 [main] [org.apache.ibatis.datasource.pooled.PooledDataSource] - [DEBUG] Created connection 1334042472.
2025-07-20 21:38:45,151 [main] [org.apache.ibatis.transaction.jdbc.JdbcTransaction] - [DEBUG] Setting autocommit to false on JDBC Connection [com.mysql.cj.jdbc.ConnectionImpl@4f83df68]
2025-07-20 21:39:09,990 [main] [org.apache.ibatis.logging.LogFactory] - [DEBUG] Logging initialized using 'class org.apache.ibatis.logging.slf4j.Slf4jImpl' adapter.
2025-07-20 21:39:09,999 [main] [org.apache.ibatis.io.VFS] - [DEBUG] Using VFS adapter org.apache.ibatis.io.JBoss6VFS
2025-07-20 21:39:10,003 [main] [org.apache.ibatis.io.ResolverUtil] - [DEBUG] Checking to see if class com.lsxp.pojo.UserAccount matches criteria [is assignable to Object]
2025-07-20 21:39:10,019 [main] [org.apache.ibatis.datasource.pooled.PooledDataSource] - [DEBUG] PooledDataSource forcefully closed/removed all connections.
2025-07-20 21:39:10,019 [main] [org.apache.ibatis.datasource.pooled.PooledDataSource] - [DEBUG] PooledDataSource forcefully closed/removed all connections.
2025-07-20 21:39:10,020 [main] [org.apache.ibatis.datasource.pooled.PooledDataSource] - [DEBUG] PooledDataSource forcefully closed/removed all connections.
2025-07-20 21:39:10,020 [main] [org.apache.ibatis.datasource.pooled.PooledDataSource] - [DEBUG] PooledDataSource forcefully closed/removed all connections.
2025-07-20 21:39:10,022 [main] [org.apache.ibatis.io.ResolverUtil] - [DEBUG] Checking to see if class com.lsxp.mapper.UserAccountMapperTest matches criteria [is assignable to Object]
2025-07-20 21:39:10,023 [main] [org.apache.ibatis.io.ResolverUtil] - [DEBUG] Checking to see if class com.lsxp.dao.UserAccountDaoTest matches criteria [is assignable to Object]
2025-07-20 21:39:10,023 [main] [org.apache.ibatis.io.ResolverUtil] - [DEBUG] Checking to see if class com.lsxp.mapper.UserAccountMapper matches criteria [is assignable to Object]
2025-07-20 21:39:10,023 [main] [org.apache.ibatis.io.ResolverUtil] - [DEBUG] Checking to see if class com.lsxp.dao.UserAccountDao matches criteria [is assignable to Object]
2025-07-20 21:39:10,023 [main] [org.apache.ibatis.io.ResolverUtil] - [DEBUG] Checking to see if class com.lsxp.dao.impl.UserDaoImpl matches criteria [is assignable to Object]
2025-07-20 21:39:10,084 [main] [org.apache.ibatis.transaction.jdbc.JdbcTransaction] - [DEBUG] Opening JDBC Connection
2025-07-20 21:39:10,251 [main] [org.apache.ibatis.datasource.pooled.PooledDataSource] - [DEBUG] Created connection 1334042472.
2025-07-20 21:39:10,251 [main] [org.apache.ibatis.transaction.jdbc.JdbcTransaction] - [DEBUG] Setting autocommit to false on JDBC Connection [com.mysql.cj.jdbc.ConnectionImpl@4f83df68]
2025-07-20 21:39:17,826 [main] [org.apache.ibatis.logging.LogFactory] - [DEBUG] Logging initialized using 'class org.apache.ibatis.logging.slf4j.Slf4jImpl' adapter.
2025-07-20 21:39:17,833 [main] [org.apache.ibatis.io.VFS] - [DEBUG] Using VFS adapter org.apache.ibatis.io.JBoss6VFS
2025-07-20 21:39:17,837 [main] [org.apache.ibatis.io.ResolverUtil] - [DEBUG] Checking to see if class com.lsxp.pojo.UserAccount matches criteria [is assignable to Object]
2025-07-20 21:39:17,851 [main] [org.apache.ibatis.datasource.pooled.PooledDataSource] - [DEBUG] PooledDataSource forcefully closed/removed all connections.
2025-07-20 21:39:17,851 [main] [org.apache.ibatis.datasource.pooled.PooledDataSource] - [DEBUG] PooledDataSource forcefully closed/removed all connections.
2025-07-20 21:39:17,852 [main] [org.apache.ibatis.datasource.pooled.PooledDataSource] - [DEBUG] PooledDataSource forcefully closed/removed all connections.
2025-07-20 21:39:17,852 [main] [org.apache.ibatis.datasource.pooled.PooledDataSource] - [DEBUG] PooledDataSource forcefully closed/removed all connections.
2025-07-20 21:39:17,855 [main] [org.apache.ibatis.io.ResolverUtil] - [DEBUG] Checking to see if class com.lsxp.mapper.UserAccountMapperTest matches criteria [is assignable to Object]
2025-07-20 21:39:17,855 [main] [org.apache.ibatis.io.ResolverUtil] - [DEBUG] Checking to see if class com.lsxp.dao.UserAccountDaoTest matches criteria [is assignable to Object]
2025-07-20 21:39:17,855 [main] [org.apache.ibatis.io.ResolverUtil] - [DEBUG] Checking to see if class com.lsxp.mapper.UserAccountMapper matches criteria [is assignable to Object]
2025-07-20 21:39:17,856 [main] [org.apache.ibatis.io.ResolverUtil] - [DEBUG] Checking to see if class com.lsxp.dao.UserAccountDao matches criteria [is assignable to Object]
2025-07-20 21:39:17,856 [main] [org.apache.ibatis.io.ResolverUtil] - [DEBUG] Checking to see if class com.lsxp.dao.impl.UserDaoImpl matches criteria [is assignable to Object]
2025-07-20 21:39:17,908 [main] [org.apache.ibatis.transaction.jdbc.JdbcTransaction] - [DEBUG] Opening JDBC Connection
2025-07-20 21:39:18,056 [main] [org.apache.ibatis.datasource.pooled.PooledDataSource] - [DEBUG] Created connection 1334042472.
2025-07-20 21:39:18,056 [main] [org.apache.ibatis.transaction.jdbc.JdbcTransaction] - [DEBUG] Setting autocommit to false on JDBC Connection [com.mysql.cj.jdbc.ConnectionImpl@4f83df68]
2025-07-20 21:39:46,871 [main] [org.apache.ibatis.logging.LogFactory] - [DEBUG] Logging initialized using 'class org.apache.ibatis.logging.slf4j.Slf4jImpl' adapter.
2025-07-20 21:39:46,879 [main] [org.apache.ibatis.io.VFS] - [DEBUG] Using VFS adapter org.apache.ibatis.io.JBoss6VFS
2025-07-20 21:39:46,884 [main] [org.apache.ibatis.io.ResolverUtil] - [DEBUG] Checking to see if class com.lsxp.pojo.UserAccount matches criteria [is assignable to Object]
2025-07-20 21:39:46,905 [main] [org.apache.ibatis.datasource.pooled.PooledDataSource] - [DEBUG] PooledDataSource forcefully closed/removed all connections.
2025-07-20 21:39:46,906 [main] [org.apache.ibatis.datasource.pooled.PooledDataSource] - [DEBUG] PooledDataSource forcefully closed/removed all connections.
2025-07-20 21:39:46,906 [main] [org.apache.ibatis.datasource.pooled.PooledDataSource] - [DEBUG] PooledDataSource forcefully closed/removed all connections.
2025-07-20 21:39:46,906 [main] [org.apache.ibatis.datasource.pooled.PooledDataSource] - [DEBUG] PooledDataSource forcefully closed/removed all connections.
2025-07-20 21:39:46,908 [main] [org.apache.ibatis.io.ResolverUtil] - [DEBUG] Checking to see if class com.lsxp.mapper.UserAccountMapperTest matches criteria [is assignable to Object]
2025-07-20 21:39:46,909 [main] [org.apache.ibatis.io.ResolverUtil] - [DEBUG] Checking to see if class com.lsxp.dao.UserAccountDaoTest matches criteria [is assignable to Object]
2025-07-20 21:39:46,909 [main] [org.apache.ibatis.io.ResolverUtil] - [DEBUG] Checking to see if class com.lsxp.mapper.UserAccountMapper matches criteria [is assignable to Object]
2025-07-20 21:39:46,909 [main] [org.apache.ibatis.io.ResolverUtil] - [DEBUG] Checking to see if class com.lsxp.dao.UserAccountDao matches criteria [is assignable to Object]
2025-07-20 21:39:46,909 [main] [org.apache.ibatis.io.ResolverUtil] - [DEBUG] Checking to see if class com.lsxp.dao.impl.UserDaoImpl matches criteria [is assignable to Object]
2025-07-20 21:39:46,974 [main] [org.apache.ibatis.transaction.jdbc.JdbcTransaction] - [DEBUG] Opening JDBC Connection
2025-07-20 21:39:47,157 [main] [org.apache.ibatis.datasource.pooled.PooledDataSource] - [DEBUG] Created connection 1334042472.
2025-07-20 21:39:47,157 [main] [org.apache.ibatis.transaction.jdbc.JdbcTransaction] - [DEBUG] Setting autocommit to false on JDBC Connection [com.mysql.cj.jdbc.ConnectionImpl@4f83df68]
2025-07-20 21:40:15,883 [main] [org.apache.ibatis.logging.LogFactory] - [DEBUG] Logging initialized using 'class org.apache.ibatis.logging.slf4j.Slf4jImpl' adapter.
2025-07-20 21:40:15,891 [main] [org.apache.ibatis.io.VFS] - [DEBUG] Using VFS adapter org.apache.ibatis.io.JBoss6VFS
2025-07-20 21:40:15,896 [main] [org.apache.ibatis.io.ResolverUtil] - [DEBUG] Checking to see if class com.lsxp.pojo.UserAccount matches criteria [is assignable to Object]
2025-07-20 21:40:15,915 [main] [org.apache.ibatis.datasource.pooled.PooledDataSource] - [DEBUG] PooledDataSource forcefully closed/removed all connections.
2025-07-20 21:40:15,915 [main] [org.apache.ibatis.datasource.pooled.PooledDataSource] - [DEBUG] PooledDataSource forcefully closed/removed all connections.
2025-07-20 21:40:15,915 [main] [org.apache.ibatis.datasource.pooled.PooledDataSource] - [DEBUG] PooledDataSource forcefully closed/removed all connections.
2025-07-20 21:40:15,915 [main] [org.apache.ibatis.datasource.pooled.PooledDataSource] - [DEBUG] PooledDataSource forcefully closed/removed all connections.
2025-07-20 21:40:15,918 [main] [org.apache.ibatis.io.ResolverUtil] - [DEBUG] Checking to see if class com.lsxp.mapper.UserAccountMapperTest matches criteria [is assignable to Object]
2025-07-20 21:40:15,919 [main] [org.apache.ibatis.io.ResolverUtil] - [DEBUG] Checking to see if class com.lsxp.dao.UserAccountDaoTest matches criteria [is assignable to Object]
2025-07-20 21:40:15,919 [main] [org.apache.ibatis.io.ResolverUtil] - [DEBUG] Checking to see if class com.lsxp.mapper.UserAccountMapper matches criteria [is assignable to Object]
2025-07-20 21:40:15,919 [main] [org.apache.ibatis.io.ResolverUtil] - [DEBUG] Checking to see if class com.lsxp.dao.UserAccountDao matches criteria [is assignable to Object]
2025-07-20 21:40:15,920 [main] [org.apache.ibatis.io.ResolverUtil] - [DEBUG] Checking to see if class com.lsxp.dao.impl.UserDaoImpl matches criteria [is assignable to Object]
2025-07-20 21:40:15,981 [main] [org.apache.ibatis.transaction.jdbc.JdbcTransaction] - [DEBUG] Opening JDBC Connection
2025-07-20 21:40:16,151 [main] [org.apache.ibatis.datasource.pooled.PooledDataSource] - [DEBUG] Created connection 1334042472.
2025-07-20 21:40:16,151 [main] [org.apache.ibatis.transaction.jdbc.JdbcTransaction] - [DEBUG] Setting autocommit to false on JDBC Connection [com.mysql.cj.jdbc.ConnectionImpl@4f83df68]
2025-07-20 21:40:26,794 [main] [com.lsxp.mapper.UserAccountMapper.findPasswordByAccount] - [DEBUG] ==>  Preparing: select password from user_account where account = ?
2025-07-20 21:40:26,818 [main] [com.lsxp.mapper.UserAccountMapper.findPasswordByAccount] - [DEBUG] ==> Parameters: 123(String)
2025-07-20 21:40:26,837 [main] [com.lsxp.mapper.UserAccountMapper.findPasswordByAccount] - [DEBUG] <==      Total: 1
2025-07-20 21:40:41,312 [main] [com.lsxp.mapper.UserAccountMapper.findPasswordByAccount] - [DEBUG] ==>  Preparing: select password from user_account where account = ?
2025-07-20 21:40:41,336 [main] [com.lsxp.mapper.UserAccountMapper.findPasswordByAccount] - [DEBUG] ==> Parameters: 123(String)
2025-07-20 21:40:41,358 [main] [com.lsxp.mapper.UserAccountMapper.findPasswordByAccount] - [DEBUG] <==      Total: 1
2025-07-20 21:47:07,193 [main] [com.lsxp.mapper.UserAccountMapper.findPasswordByAccount] - [DEBUG] ==>  Preparing: select password from user_account where account = ?
2025-07-20 21:47:07,217 [main] [com.lsxp.mapper.UserAccountMapper.findPasswordByAccount] - [DEBUG] ==> Parameters: 123(String)
2025-07-20 21:47:07,240 [main] [com.lsxp.mapper.UserAccountMapper.findPasswordByAccount] - [DEBUG] <==      Total: 1
2025-07-20 21:51:04,948 [main] [com.lsxp.mapper.UserAccountMapper.findPasswordByAccount] - [DEBUG] ==>  Preparing: select password from user_account where account = ?
2025-07-20 21:51:04,976 [main] [com.lsxp.mapper.UserAccountMapper.findPasswordByAccount] - [DEBUG] ==> Parameters: 123(String)
2025-07-20 21:51:04,997 [main] [com.lsxp.mapper.UserAccountMapper.findPasswordByAccount] - [DEBUG] <==      Total: 1
2025-07-20 22:09:26,593 [main] [com.lsxp.mapper.UserAccountMapper.findPasswordByAccount] - [DEBUG] ==>  Preparing: select password from user_account where account = ?
2025-07-20 22:09:26,617 [main] [com.lsxp.mapper.UserAccountMapper.findPasswordByAccount] - [DEBUG] ==> Parameters: 1234(String)
2025-07-20 22:09:26,645 [main] [com.lsxp.mapper.UserAccountMapper.findPasswordByAccount] - [DEBUG] <==      Total: 0
2025-07-20 22:09:42,575 [main] [com.lsxp.mapper.UserAccountMapper.addNewUser] - [DEBUG] ==>  Preparing: Insert Into user_account (account,password) values (?,?) , (?,?)
2025-07-20 22:09:42,602 [main] [com.lsxp.mapper.UserAccountMapper.addNewUser] - [DEBUG] ==> Parameters: 1234(String), 4568(String), 4567(String), 6789(String)
2025-07-20 22:09:42,610 [main] [com.lsxp.mapper.UserAccountMapper.addNewUser] - [DEBUG] <==    Updates: 2
2025-07-20 22:09:47,878 [main] [com.lsxp.mapper.UserAccountMapper.findPasswordByAccount] - [DEBUG] ==>  Preparing: select password from user_account where account = ?
2025-07-20 22:09:47,901 [main] [com.lsxp.mapper.UserAccountMapper.findPasswordByAccount] - [DEBUG] ==> Parameters: 1234(String)
2025-07-20 22:09:47,922 [main] [com.lsxp.mapper.UserAccountMapper.findPasswordByAccount] - [DEBUG] <==      Total: 1
2025-07-21 09:13:33,823 [main] [com.lsxp.mapper.UserAccountMapper.findPasswordByAccount] - [DEBUG] ==>  Preparing: select password from user_account where account = ?
2025-07-21 09:13:33,854 [main] [com.lsxp.mapper.UserAccountMapper.findPasswordByAccount] - [DEBUG] ==> Parameters: 123(String)
2025-07-21 09:13:33,869 [main] [com.lsxp.mapper.UserAccountMapper.findPasswordByAccount] - [DEBUG] <==      Total: 1
2025-07-21 09:26:45,112 [main] [org.springframework.context.support.ClassPathXmlApplicationContext] - [DEBUG] Refreshing org.springframework.context.support.ClassPathXmlApplicationContext@4563e9ab
2025-07-21 09:26:45,268 [main] [org.springframework.beans.factory.xml.XmlBeanDefinitionReader] - [DEBUG] Loaded 5 bean definitions from class path resource [applicationContext.xml]
2025-07-21 09:26:45,315 [main] [org.springframework.beans.factory.support.DefaultListableBeanFactory] - [DEBUG] Creating shared instance of singleton bean 'helloSpring'
2025-07-21 09:26:45,368 [main] [org.springframework.beans.factory.support.DefaultListableBeanFactory] - [DEBUG] Creating shared instance of singleton bean 'User'
2025-07-21 09:26:45,383 [main] [org.springframework.beans.factory.support.DefaultListableBeanFactory] - [DEBUG] Creating shared instance of singleton bean 'Column'
2025-07-21 09:26:45,383 [main] [org.springframework.beans.factory.support.DefaultListableBeanFactory] - [DEBUG] Creating shared instance of singleton bean 'UserAccountDao'
2025-07-21 09:26:45,383 [main] [org.springframework.beans.factory.support.DefaultListableBeanFactory] - [DEBUG] Creating shared instance of singleton bean 'UserAccountService'
2025-07-21 09:26:45,664 [main] [com.lsxp.mapper.UserAccountMapper.findPasswordByAccount] - [DEBUG] ==>  Preparing: select password from user_account where account = ?
2025-07-21 09:26:45,696 [main] [com.lsxp.mapper.UserAccountMapper.findPasswordByAccount] - [DEBUG] ==> Parameters: 123(String)
2025-07-21 09:26:45,711 [main] [com.lsxp.mapper.UserAccountMapper.findPasswordByAccount] - [DEBUG] <==      Total: 1
2025-07-21 09:28:08,741 [main] [org.springframework.context.support.ClassPathXmlApplicationContext] - [DEBUG] Refreshing org.springframework.context.support.ClassPathXmlApplicationContext@4563e9ab
2025-07-21 09:28:08,866 [main] [org.springframework.beans.factory.xml.XmlBeanDefinitionReader] - [DEBUG] Loaded 5 bean definitions from class path resource [applicationContext.xml]
2025-07-21 09:28:08,881 [main] [org.springframework.beans.factory.support.DefaultListableBeanFactory] - [DEBUG] Creating shared instance of singleton bean 'helloSpring'
2025-07-21 09:28:08,913 [main] [org.springframework.beans.factory.support.DefaultListableBeanFactory] - [DEBUG] Creating shared instance of singleton bean 'User'
2025-07-21 09:28:08,928 [main] [org.springframework.beans.factory.support.DefaultListableBeanFactory] - [DEBUG] Creating shared instance of singleton bean 'Column'
2025-07-21 09:28:08,928 [main] [org.springframework.beans.factory.support.DefaultListableBeanFactory] - [DEBUG] Creating shared instance of singleton bean 'UserAccountDao'
2025-07-21 09:28:08,928 [main] [org.springframework.beans.factory.support.DefaultListableBeanFactory] - [DEBUG] Creating shared instance of singleton bean 'UserAccountService'
2025-07-21 09:34:12,045 [main] [org.springframework.context.support.ClassPathXmlApplicationContext] - [DEBUG] Refreshing org.springframework.context.support.ClassPathXmlApplicationContext@4563e9ab
2025-07-21 09:34:12,172 [main] [org.springframework.beans.factory.xml.XmlBeanDefinitionReader] - [DEBUG] Loaded 5 bean definitions from class path resource [applicationContext.xml]
2025-07-21 09:34:12,204 [main] [org.springframework.beans.factory.support.DefaultListableBeanFactory] - [DEBUG] Creating shared instance of singleton bean 'helloSpring'
2025-07-21 09:34:12,235 [main] [org.springframework.beans.factory.support.DefaultListableBeanFactory] - [DEBUG] Creating shared instance of singleton bean 'User'
2025-07-21 09:34:12,250 [main] [org.springframework.beans.factory.support.DefaultListableBeanFactory] - [DEBUG] Creating shared instance of singleton bean 'Column'
2025-07-21 09:34:12,251 [main] [org.springframework.beans.factory.support.DefaultListableBeanFactory] - [DEBUG] Creating shared instance of singleton bean 'userAccountDao'
2025-07-21 09:34:12,251 [main] [org.springframework.beans.factory.support.DefaultListableBeanFactory] - [DEBUG] Creating shared instance of singleton bean 'userAccountService'
2025-07-21 09:34:12,251 [main] [org.springframework.context.support.ClassPathXmlApplicationContext] - [WARN] Exception encountered during context initialization - cancelling refresh attempt: org.springframework.beans.factory.BeanCreationException: Error creating bean with name 'userAccountService' defined in class path resource [applicationContext.xml]: Cannot resolve reference to bean 'UserAccountDao' while setting bean property 'userAccountDao'; nested exception is org.springframework.beans.factory.NoSuchBeanDefinitionException: No bean named 'UserAccountDao' available
2025-07-21 09:34:35,684 [main] [org.springframework.context.support.ClassPathXmlApplicationContext] - [DEBUG] Refreshing org.springframework.context.support.ClassPathXmlApplicationContext@4563e9ab
2025-07-21 09:34:35,794 [main] [org.springframework.beans.factory.xml.XmlBeanDefinitionReader] - [DEBUG] Loaded 5 bean definitions from class path resource [applicationContext.xml]
2025-07-21 09:34:35,825 [main] [org.springframework.beans.factory.support.DefaultListableBeanFactory] - [DEBUG] Creating shared instance of singleton bean 'helloSpring'
2025-07-21 09:34:35,856 [main] [org.springframework.beans.factory.support.DefaultListableBeanFactory] - [DEBUG] Creating shared instance of singleton bean 'User'
2025-07-21 09:34:35,872 [main] [org.springframework.beans.factory.support.DefaultListableBeanFactory] - [DEBUG] Creating shared instance of singleton bean 'Column'
2025-07-21 09:34:35,872 [main] [org.springframework.beans.factory.support.DefaultListableBeanFactory] - [DEBUG] Creating shared instance of singleton bean 'userAccountDao'
2025-07-21 09:34:35,872 [main] [org.springframework.beans.factory.support.DefaultListableBeanFactory] - [DEBUG] Creating shared instance of singleton bean 'userAccountService'
2025-07-21 09:34:36,157 [main] [com.lsxp.mapper.UserAccountMapper.findPasswordByAccount] - [DEBUG] ==>  Preparing: select password from user_account where account = ?
2025-07-21 09:34:36,173 [main] [com.lsxp.mapper.UserAccountMapper.findPasswordByAccount] - [DEBUG] ==> Parameters: 123(String)
2025-07-21 09:34:36,188 [main] [com.lsxp.mapper.UserAccountMapper.findPasswordByAccount] - [DEBUG] <==      Total: 1
2025-07-21 09:36:57,507 [main] [org.springframework.context.support.ClassPathXmlApplicationContext] - [DEBUG] Refreshing org.springframework.context.support.ClassPathXmlApplicationContext@4563e9ab
2025-07-21 09:36:57,632 [main] [org.springframework.beans.factory.xml.XmlBeanDefinitionReader] - [DEBUG] Loaded 5 bean definitions from class path resource [applicationContext.xml]
2025-07-21 09:36:57,663 [main] [org.springframework.beans.factory.support.DefaultListableBeanFactory] - [DEBUG] Creating shared instance of singleton bean 'helloSpring'
2025-07-21 09:36:57,695 [main] [org.springframework.beans.factory.support.DefaultListableBeanFactory] - [DEBUG] Creating shared instance of singleton bean 'User'
2025-07-21 09:36:57,710 [main] [org.springframework.beans.factory.support.DefaultListableBeanFactory] - [DEBUG] Creating shared instance of singleton bean 'Column'
2025-07-21 09:36:57,710 [main] [org.springframework.beans.factory.support.DefaultListableBeanFactory] - [DEBUG] Creating shared instance of singleton bean 'userAccountDao'
2025-07-21 09:36:57,710 [main] [org.springframework.beans.factory.support.DefaultListableBeanFactory] - [DEBUG] Creating shared instance of singleton bean 'userAccountService'
2025-07-21 09:36:57,992 [main] [com.lsxp.mapper.UserAccountMapper.findPasswordByAccount] - [DEBUG] ==>  Preparing: select password from user_account where account = ?
2025-07-21 09:36:58,023 [main] [com.lsxp.mapper.UserAccountMapper.findPasswordByAccount] - [DEBUG] ==> Parameters: 123(String)
2025-07-21 09:36:58,038 [main] [com.lsxp.mapper.UserAccountMapper.findPasswordByAccount] - [DEBUG] <==      Total: 1
2025-07-21 10:24:07,718 [main] [org.springframework.context.support.ClassPathXmlApplicationContext] - [DEBUG] Refreshing org.springframework.context.support.ClassPathXmlApplicationContext@45c8e616
2025-07-21 10:27:14,827 [main] [org.springframework.context.support.ClassPathXmlApplicationContext] - [DEBUG] Refreshing org.springframework.context.support.ClassPathXmlApplicationContext@45c8e616
2025-07-21 10:27:14,953 [main] [org.springframework.beans.factory.xml.XmlBeanDefinitionReader] - [DEBUG] Loaded 7 bean definitions from class path resource [applicationContext.xml]
2025-07-21 10:27:14,998 [main] [org.springframework.beans.factory.support.DefaultListableBeanFactory] - [DEBUG] Creating shared instance of singleton bean 'dataSource'
2025-07-21 10:27:15,074 [main] [org.springframework.context.support.ClassPathXmlApplicationContext] - [WARN] Exception encountered during context initialization - cancelling refresh attempt: org.springframework.beans.factory.BeanCreationException: Error creating bean with name 'dataSource' defined in class path resource [applicationContext.xml]: Initialization of bean failed; nested exception is org.springframework.beans.ConversionNotSupportedException: Failed to convert property value of type 'java.lang.String' to required type 'java.sql.Driver' for property 'driver'; nested exception is java.lang.IllegalStateException: Cannot convert value of type 'java.lang.String' to required type 'java.sql.Driver' for property 'driver': no matching editors or conversion strategy found
2025-07-21 10:29:03,324 [main] [org.springframework.context.support.ClassPathXmlApplicationContext] - [DEBUG] Refreshing org.springframework.context.support.ClassPathXmlApplicationContext@45c8e616
2025-07-21 10:29:03,440 [main] [org.springframework.beans.factory.xml.XmlBeanDefinitionReader] - [DEBUG] Loaded 7 bean definitions from class path resource [applicationContext.xml]
2025-07-21 10:29:03,480 [main] [org.springframework.beans.factory.support.DefaultListableBeanFactory] - [DEBUG] Creating shared instance of singleton bean 'dataSource'
2025-07-21 10:29:03,556 [main] [org.springframework.beans.factory.support.DefaultListableBeanFactory] - [DEBUG] Creating shared instance of singleton bean 'sqlSessionFactory'
2025-07-21 10:29:03,572 [main] [org.springframework.context.support.ClassPathXmlApplicationContext] - [WARN] Exception encountered during context initialization - cancelling refresh attempt: org.springframework.beans.factory.BeanCreationException: Error creating bean with name 'sqlSessionFactory' defined in class path resource [applicationContext.xml]: Initialization of bean failed; nested exception is org.springframework.beans.ConversionNotSupportedException: Failed to convert property value of type 'java.lang.String' to required type 'javax.sql.DataSource' for property 'dataSource'; nested exception is java.lang.IllegalStateException: Cannot convert value of type 'java.lang.String' to required type 'javax.sql.DataSource' for property 'dataSource': no matching editors or conversion strategy found
2025-07-21 10:29:03,572 [main] [com.alibaba.druid.pool.DruidDataSource] - [INFO] {dataSource-0} closing ...
2025-07-21 10:31:21,231 [main] [org.springframework.context.support.ClassPathXmlApplicationContext] - [DEBUG] Refreshing org.springframework.context.support.ClassPathXmlApplicationContext@45c8e616
2025-07-21 10:31:21,348 [main] [org.springframework.beans.factory.xml.XmlBeanDefinitionReader] - [DEBUG] Loaded 7 bean definitions from class path resource [applicationContext.xml]
2025-07-21 10:31:21,389 [main] [org.springframework.beans.factory.support.DefaultListableBeanFactory] - [DEBUG] Creating shared instance of singleton bean 'dataSource'
2025-07-21 10:31:21,467 [main] [org.springframework.beans.factory.support.DefaultListableBeanFactory] - [DEBUG] Creating shared instance of singleton bean 'sqlSessionFactory'
2025-07-21 10:31:21,482 [main] [org.springframework.context.support.ClassPathXmlApplicationContext] - [WARN] Exception encountered during context initialization - cancelling refresh attempt: org.springframework.beans.factory.BeanCreationException: Error creating bean with name 'sqlSessionFactory' defined in class path resource [applicationContext.xml]: Error setting property values; nested exception is org.springframework.beans.PropertyBatchUpdateException; nested PropertyAccessExceptions (1) are:
PropertyAccessException 1: org.springframework.beans.MethodInvocationException: Property 'dataSource' threw exception; nested exception is java.lang.NoClassDefFoundError: org/springframework/jdbc/datasource/TransactionAwareDataSourceProxy
2025-07-21 10:31:21,483 [main] [com.alibaba.druid.pool.DruidDataSource] - [INFO] {dataSource-0} closing ...
2025-07-21 10:43:31,915 [main] [org.springframework.context.support.ClassPathXmlApplicationContext] - [DEBUG] Refreshing org.springframework.context.support.ClassPathXmlApplicationContext@7e0babb1
2025-07-21 10:44:00,372 [main] [org.springframework.context.support.ClassPathXmlApplicationContext] - [DEBUG] Refreshing org.springframework.context.support.ClassPathXmlApplicationContext@7e0babb1
2025-07-21 10:44:00,492 [main] [org.springframework.beans.factory.xml.XmlBeanDefinitionReader] - [DEBUG] Loaded 7 bean definitions from class path resource [applicationContext.xml]
2025-07-21 10:44:00,530 [main] [org.springframework.beans.factory.support.DefaultListableBeanFactory] - [DEBUG] Creating shared instance of singleton bean 'dataSource'
2025-07-21 10:44:00,606 [main] [org.springframework.beans.factory.support.DefaultListableBeanFactory] - [DEBUG] Creating shared instance of singleton bean 'sqlSessionFactory'
2025-07-21 10:44:00,734 [main] [org.mybatis.spring.SqlSessionFactoryBean] - [DEBUG] Parsed configuration file: 'class path resource [mybatis-config.xml]'
2025-07-21 10:44:00,735 [main] [org.mybatis.spring.SqlSessionFactoryBean] - [DEBUG] Property 'mapperLocations' was not specified.
2025-07-21 10:44:00,740 [main] [org.springframework.beans.factory.support.DefaultListableBeanFactory] - [DEBUG] Creating shared instance of singleton bean 'userAccountMapper'
2025-07-21 10:44:00,749 [main] [org.springframework.beans.factory.support.DefaultListableBeanFactory] - [DEBUG] Creating shared instance of singleton bean 'helloSpring'
2025-07-21 10:44:00,751 [main] [org.springframework.beans.factory.support.DefaultListableBeanFactory] - [DEBUG] Creating shared instance of singleton bean 'User'
2025-07-21 10:44:00,762 [main] [org.springframework.beans.factory.support.DefaultListableBeanFactory] - [DEBUG] Creating shared instance of singleton bean 'Column'
2025-07-21 10:44:00,764 [main] [org.springframework.beans.factory.support.DefaultListableBeanFactory] - [DEBUG] Creating shared instance of singleton bean 'userAccountService'
2025-07-21 10:44:00,784 [main] [org.mybatis.spring.SqlSessionUtils] - [DEBUG] Creating a new SqlSession
2025-07-21 10:44:00,787 [main] [org.mybatis.spring.SqlSessionUtils] - [DEBUG] SqlSession [org.apache.ibatis.session.defaults.DefaultSqlSession@776b83cc] was not registered for synchronization because synchronization is not active
2025-07-21 10:44:00,791 [main] [org.springframework.jdbc.datasource.DataSourceUtils] - [DEBUG] Fetching JDBC Connection from DataSource
2025-07-21 10:44:01,039 [main] [com.alibaba.druid.pool.DruidDataSource] - [INFO] {dataSource-1} inited
2025-07-21 10:44:01,042 [main] [org.mybatis.spring.transaction.SpringManagedTransaction] - [DEBUG] JDBC Connection [com.mysql.cj.jdbc.ConnectionImpl@1acaf3d] will not be managed by Spring
2025-07-21 10:44:01,045 [main] [com.lsxp.mapper.UserAccountMapper.findPasswordByAccount] - [DEBUG] ==>  Preparing: select password from user_account where account = ?
2025-07-21 10:44:01,060 [main] [com.lsxp.mapper.UserAccountMapper.findPasswordByAccount] - [DEBUG] ==> Parameters: 123(String)
2025-07-21 10:44:01,071 [main] [com.lsxp.mapper.UserAccountMapper.findPasswordByAccount] - [DEBUG] <==      Total: 1
2025-07-21 10:44:01,073 [main] [org.mybatis.spring.SqlSessionUtils] - [DEBUG] Closing non transactional SqlSession [org.apache.ibatis.session.defaults.DefaultSqlSession@776b83cc]
2025-07-21 10:44:13,967 [main] [org.springframework.context.support.ClassPathXmlApplicationContext] - [DEBUG] Refreshing org.springframework.context.support.ClassPathXmlApplicationContext@7e0babb1
2025-07-21 10:44:14,105 [main] [org.springframework.beans.factory.xml.XmlBeanDefinitionReader] - [DEBUG] Loaded 7 bean definitions from class path resource [applicationContext.xml]
2025-07-21 10:44:14,151 [main] [org.springframework.beans.factory.support.DefaultListableBeanFactory] - [DEBUG] Creating shared instance of singleton bean 'dataSource'
2025-07-21 10:44:14,231 [main] [org.springframework.beans.factory.support.DefaultListableBeanFactory] - [DEBUG] Creating shared instance of singleton bean 'sqlSessionFactory'
2025-07-21 10:44:14,366 [main] [org.mybatis.spring.SqlSessionFactoryBean] - [DEBUG] Parsed configuration file: 'class path resource [mybatis-config.xml]'
2025-07-21 10:44:14,367 [main] [org.mybatis.spring.SqlSessionFactoryBean] - [DEBUG] Property 'mapperLocations' was not specified.
2025-07-21 10:44:14,369 [main] [org.springframework.beans.factory.support.DefaultListableBeanFactory] - [DEBUG] Creating shared instance of singleton bean 'userAccountMapper'
2025-07-21 10:44:14,377 [main] [org.springframework.beans.factory.support.DefaultListableBeanFactory] - [DEBUG] Creating shared instance of singleton bean 'helloSpring'
2025-07-21 10:44:14,378 [main] [org.springframework.beans.factory.support.DefaultListableBeanFactory] - [DEBUG] Creating shared instance of singleton bean 'User'
2025-07-21 10:44:14,389 [main] [org.springframework.beans.factory.support.DefaultListableBeanFactory] - [DEBUG] Creating shared instance of singleton bean 'Column'
2025-07-21 10:44:14,390 [main] [org.springframework.beans.factory.support.DefaultListableBeanFactory] - [DEBUG] Creating shared instance of singleton bean 'userAccountService'
2025-07-21 10:44:14,410 [main] [org.mybatis.spring.SqlSessionUtils] - [DEBUG] Creating a new SqlSession
2025-07-21 10:44:14,413 [main] [org.mybatis.spring.SqlSessionUtils] - [DEBUG] SqlSession [org.apache.ibatis.session.defaults.DefaultSqlSession@776b83cc] was not registered for synchronization because synchronization is not active
2025-07-21 10:44:14,417 [main] [org.springframework.jdbc.datasource.DataSourceUtils] - [DEBUG] Fetching JDBC Connection from DataSource
2025-07-21 10:44:14,654 [main] [com.alibaba.druid.pool.DruidDataSource] - [INFO] {dataSource-1} inited
2025-07-21 10:44:14,657 [main] [org.mybatis.spring.transaction.SpringManagedTransaction] - [DEBUG] JDBC Connection [com.mysql.cj.jdbc.ConnectionImpl@1acaf3d] will not be managed by Spring
2025-07-21 10:44:14,660 [main] [com.lsxp.mapper.UserAccountMapper.findPasswordByAccount] - [DEBUG] ==>  Preparing: select password from user_account where account = ?
2025-07-21 10:44:14,674 [main] [com.lsxp.mapper.UserAccountMapper.findPasswordByAccount] - [DEBUG] ==> Parameters: 123(String)
2025-07-21 10:44:14,685 [main] [com.lsxp.mapper.UserAccountMapper.findPasswordByAccount] - [DEBUG] <==      Total: 1
2025-07-21 10:44:14,687 [main] [org.mybatis.spring.SqlSessionUtils] - [DEBUG] Closing non transactional SqlSession [org.apache.ibatis.session.defaults.DefaultSqlSession@776b83cc]
2025-07-21 13:22:31,040 [main] [org.springframework.context.support.ClassPathXmlApplicationContext] - [DEBUG] Refreshing org.springframework.context.support.ClassPathXmlApplicationContext@7e0babb1
2025-07-21 13:22:31,478 [main] [org.springframework.beans.factory.xml.XmlBeanDefinitionReader] - [DEBUG] Loaded 7 bean definitions from class path resource [applicationContext.xml]
2025-07-21 13:22:31,572 [main] [org.springframework.beans.factory.support.DefaultListableBeanFactory] - [DEBUG] Creating shared instance of singleton bean 'dataSource'
2025-07-21 13:22:31,682 [main] [org.springframework.beans.factory.support.DefaultListableBeanFactory] - [DEBUG] Creating shared instance of singleton bean 'sqlSessionFactory'
2025-07-21 13:22:31,947 [main] [org.mybatis.spring.SqlSessionFactoryBean] - [DEBUG] Parsed configuration file: 'class path resource [mybatis-config.xml]'
2025-07-21 13:22:31,947 [main] [org.mybatis.spring.SqlSessionFactoryBean] - [DEBUG] Property 'mapperLocations' was not specified.
2025-07-21 13:22:31,947 [main] [org.springframework.beans.factory.support.DefaultListableBeanFactory] - [DEBUG] Creating shared instance of singleton bean 'userAccountMapper'
2025-07-21 13:22:31,947 [main] [org.springframework.beans.factory.support.DefaultListableBeanFactory] - [DEBUG] Creating shared instance of singleton bean 'helloSpring'
2025-07-21 13:22:31,963 [main] [org.springframework.beans.factory.support.DefaultListableBeanFactory] - [DEBUG] Creating shared instance of singleton bean 'User'
2025-07-21 13:22:31,963 [main] [org.springframework.beans.factory.support.DefaultListableBeanFactory] - [DEBUG] Creating shared instance of singleton bean 'Column'
2025-07-21 13:22:31,963 [main] [org.springframework.beans.factory.support.DefaultListableBeanFactory] - [DEBUG] Creating shared instance of singleton bean 'userAccountService'
2025-07-21 13:22:31,994 [main] [org.mybatis.spring.SqlSessionUtils] - [DEBUG] Creating a new SqlSession
2025-07-21 13:22:31,994 [main] [org.mybatis.spring.SqlSessionUtils] - [DEBUG] SqlSession [org.apache.ibatis.session.defaults.DefaultSqlSession@776b83cc] was not registered for synchronization because synchronization is not active
2025-07-21 13:22:32,010 [main] [org.springframework.jdbc.datasource.DataSourceUtils] - [DEBUG] Fetching JDBC Connection from DataSource
2025-07-21 13:22:32,806 [main] [com.alibaba.druid.pool.DruidDataSource] - [INFO] {dataSource-1} inited
2025-07-21 13:22:32,806 [main] [org.mybatis.spring.transaction.SpringManagedTransaction] - [DEBUG] JDBC Connection [com.mysql.cj.jdbc.ConnectionImpl@1fd14d74] will not be managed by Spring
2025-07-21 13:22:32,806 [main] [com.lsxp.mapper.UserAccountMapper.findPasswordByAccount] - [DEBUG] ==>  Preparing: select password from user_account where account = ?
2025-07-21 13:22:32,822 [main] [com.lsxp.mapper.UserAccountMapper.findPasswordByAccount] - [DEBUG] ==> Parameters: 123(String)
2025-07-21 13:22:32,900 [main] [com.lsxp.mapper.UserAccountMapper.findPasswordByAccount] - [DEBUG] <==      Total: 1
2025-07-21 13:22:32,900 [main] [org.mybatis.spring.SqlSessionUtils] - [DEBUG] Closing non transactional SqlSession [org.apache.ibatis.session.defaults.DefaultSqlSession@776b83cc]
2025-07-21 15:02:23,672 [main] [org.springframework.context.support.ClassPathXmlApplicationContext] - [DEBUG] Refreshing org.springframework.context.support.ClassPathXmlApplicationContext@7e0babb1
2025-07-21 15:02:23,945 [main] [org.springframework.beans.factory.xml.XmlBeanDefinitionReader] - [DEBUG] Loaded 7 bean definitions from class path resource [applicationContext.xml]
2025-07-21 15:02:24,023 [main] [org.springframework.beans.factory.support.DefaultListableBeanFactory] - [DEBUG] Creating shared instance of singleton bean 'dataSource'
2025-07-21 15:02:24,148 [main] [org.springframework.beans.factory.support.DefaultListableBeanFactory] - [DEBUG] Creating shared instance of singleton bean 'sqlSessionFactory'
2025-07-21 15:02:24,398 [main] [org.mybatis.spring.SqlSessionFactoryBean] - [DEBUG] Parsed configuration file: 'class path resource [mybatis-config.xml]'
2025-07-21 15:02:24,398 [main] [org.mybatis.spring.SqlSessionFactoryBean] - [DEBUG] Property 'mapperLocations' was not specified.
2025-07-21 15:02:24,398 [main] [org.springframework.beans.factory.support.DefaultListableBeanFactory] - [DEBUG] Creating shared instance of singleton bean 'userAccountMapper'
2025-07-21 15:02:24,414 [main] [org.springframework.beans.factory.support.DefaultListableBeanFactory] - [DEBUG] Creating shared instance of singleton bean 'helloSpring'
2025-07-21 15:02:24,414 [main] [org.springframework.beans.factory.support.DefaultListableBeanFactory] - [DEBUG] Creating shared instance of singleton bean 'User'
2025-07-21 15:02:24,430 [main] [org.springframework.beans.factory.support.DefaultListableBeanFactory] - [DEBUG] Creating shared instance of singleton bean 'Column'
2025-07-21 15:02:24,430 [main] [org.springframework.beans.factory.support.DefaultListableBeanFactory] - [DEBUG] Creating shared instance of singleton bean 'userAccountService'
2025-07-21 15:02:24,445 [main] [org.mybatis.spring.SqlSessionUtils] - [DEBUG] Creating a new SqlSession
2025-07-21 15:02:24,445 [main] [org.mybatis.spring.SqlSessionUtils] - [DEBUG] SqlSession [org.apache.ibatis.session.defaults.DefaultSqlSession@776b83cc] was not registered for synchronization because synchronization is not active
2025-07-21 15:02:24,461 [main] [org.springframework.jdbc.datasource.DataSourceUtils] - [DEBUG] Fetching JDBC Connection from DataSource
2025-07-21 15:02:25,275 [main] [com.alibaba.druid.pool.DruidDataSource] - [INFO] {dataSource-1} inited
2025-07-21 15:02:25,275 [main] [org.mybatis.spring.transaction.SpringManagedTransaction] - [DEBUG] JDBC Connection [com.mysql.cj.jdbc.ConnectionImpl@1fd14d74] will not be managed by Spring
2025-07-21 15:02:25,275 [main] [com.lsxp.mapper.UserAccountMapper.findPasswordByAccount] - [DEBUG] ==>  Preparing: select password from user_account where account = ?
2025-07-21 15:02:25,291 [main] [com.lsxp.mapper.UserAccountMapper.findPasswordByAccount] - [DEBUG] ==> Parameters: 123(String)
2025-07-21 15:02:25,322 [main] [com.lsxp.mapper.UserAccountMapper.findPasswordByAccount] - [DEBUG] <==      Total: 1
2025-07-21 15:02:25,337 [main] [org.mybatis.spring.SqlSessionUtils] - [DEBUG] Closing non transactional SqlSession [org.apache.ibatis.session.defaults.DefaultSqlSession@776b83cc]
2025-07-21 15:02:39,478 [main] [org.springframework.context.support.ClassPathXmlApplicationContext] - [DEBUG] Refreshing org.springframework.context.support.ClassPathXmlApplicationContext@7e0babb1
2025-07-21 15:02:39,603 [main] [org.springframework.beans.factory.xml.XmlBeanDefinitionReader] - [DEBUG] Loaded 7 bean definitions from class path resource [applicationContext.xml]
2025-07-21 15:02:39,658 [main] [org.springframework.beans.factory.support.DefaultListableBeanFactory] - [DEBUG] Creating shared instance of singleton bean 'dataSource'
2025-07-21 15:02:39,736 [main] [org.springframework.beans.factory.support.DefaultListableBeanFactory] - [DEBUG] Creating shared instance of singleton bean 'sqlSessionFactory'
2025-07-21 15:02:39,877 [main] [org.mybatis.spring.SqlSessionFactoryBean] - [DEBUG] Parsed configuration file: 'class path resource [mybatis-config.xml]'
2025-07-21 15:02:39,877 [main] [org.mybatis.spring.SqlSessionFactoryBean] - [DEBUG] Property 'mapperLocations' was not specified.
2025-07-21 15:02:39,877 [main] [org.springframework.beans.factory.support.DefaultListableBeanFactory] - [DEBUG] Creating shared instance of singleton bean 'userAccountMapper'
2025-07-21 15:02:39,893 [main] [org.springframework.beans.factory.support.DefaultListableBeanFactory] - [DEBUG] Creating shared instance of singleton bean 'helloSpring'
2025-07-21 15:02:39,893 [main] [org.springframework.beans.factory.support.DefaultListableBeanFactory] - [DEBUG] Creating shared instance of singleton bean 'User'
2025-07-21 15:02:39,909 [main] [org.springframework.beans.factory.support.DefaultListableBeanFactory] - [DEBUG] Creating shared instance of singleton bean 'Column'
2025-07-21 15:02:39,909 [main] [org.springframework.beans.factory.support.DefaultListableBeanFactory] - [DEBUG] Creating shared instance of singleton bean 'userAccountService'
2025-07-21 15:02:39,926 [main] [org.mybatis.spring.SqlSessionUtils] - [DEBUG] Creating a new SqlSession
2025-07-21 15:02:39,926 [main] [org.mybatis.spring.SqlSessionUtils] - [DEBUG] SqlSession [org.apache.ibatis.session.defaults.DefaultSqlSession@776b83cc] was not registered for synchronization because synchronization is not active
2025-07-21 15:02:39,926 [main] [org.springframework.jdbc.datasource.DataSourceUtils] - [DEBUG] Fetching JDBC Connection from DataSource
2025-07-21 15:02:40,166 [main] [com.alibaba.druid.pool.DruidDataSource] - [INFO] {dataSource-1} inited
2025-07-21 15:02:40,166 [main] [org.mybatis.spring.transaction.SpringManagedTransaction] - [DEBUG] JDBC Connection [com.mysql.cj.jdbc.ConnectionImpl@1acaf3d] will not be managed by Spring
2025-07-21 15:02:40,166 [main] [com.lsxp.mapper.UserAccountMapper.findPasswordByAccount] - [DEBUG] ==>  Preparing: select password from user_account where account = ?
2025-07-21 15:02:40,181 [main] [com.lsxp.mapper.UserAccountMapper.findPasswordByAccount] - [DEBUG] ==> Parameters: 123(String)
2025-07-21 15:02:40,197 [main] [com.lsxp.mapper.UserAccountMapper.findPasswordByAccount] - [DEBUG] <==      Total: 1
2025-07-21 15:02:40,197 [main] [org.mybatis.spring.SqlSessionUtils] - [DEBUG] Closing non transactional SqlSession [org.apache.ibatis.session.defaults.DefaultSqlSession@776b83cc]
2025-07-21 15:03:05,961 [main] [org.springframework.context.support.ClassPathXmlApplicationContext] - [DEBUG] Refreshing org.springframework.context.support.ClassPathXmlApplicationContext@7e0babb1
2025-07-21 15:03:06,079 [main] [org.springframework.beans.factory.xml.XmlBeanDefinitionReader] - [DEBUG] Loaded 7 bean definitions from class path resource [applicationContext.xml]
2025-07-21 15:03:06,111 [main] [org.springframework.beans.factory.support.DefaultListableBeanFactory] - [DEBUG] Creating shared instance of singleton bean 'dataSource'
2025-07-21 15:03:06,198 [main] [org.springframework.beans.factory.support.DefaultListableBeanFactory] - [DEBUG] Creating shared instance of singleton bean 'sqlSessionFactory'
2025-07-21 15:03:06,355 [main] [org.mybatis.spring.SqlSessionFactoryBean] - [DEBUG] Parsed configuration file: 'class path resource [mybatis-config.xml]'
2025-07-21 15:03:06,370 [main] [org.mybatis.spring.SqlSessionFactoryBean] - [DEBUG] Property 'mapperLocations' was not specified.
2025-07-21 15:03:06,370 [main] [org.springframework.beans.factory.support.DefaultListableBeanFactory] - [DEBUG] Creating shared instance of singleton bean 'userAccountMapper'
2025-07-21 15:03:06,370 [main] [org.springframework.beans.factory.support.DefaultListableBeanFactory] - [DEBUG] Creating shared instance of singleton bean 'helloSpring'
2025-07-21 15:03:06,370 [main] [org.springframework.beans.factory.support.DefaultListableBeanFactory] - [DEBUG] Creating shared instance of singleton bean 'User'
2025-07-21 15:03:06,386 [main] [org.springframework.beans.factory.support.DefaultListableBeanFactory] - [DEBUG] Creating shared instance of singleton bean 'Column'
2025-07-21 15:03:06,386 [main] [org.springframework.beans.factory.support.DefaultListableBeanFactory] - [DEBUG] Creating shared instance of singleton bean 'userAccountService'
2025-07-21 15:03:06,402 [main] [org.mybatis.spring.SqlSessionUtils] - [DEBUG] Creating a new SqlSession
2025-07-21 15:03:06,402 [main] [org.mybatis.spring.SqlSessionUtils] - [DEBUG] SqlSession [org.apache.ibatis.session.defaults.DefaultSqlSession@776b83cc] was not registered for synchronization because synchronization is not active
2025-07-21 15:03:06,402 [main] [org.springframework.jdbc.datasource.DataSourceUtils] - [DEBUG] Fetching JDBC Connection from DataSource
2025-07-21 15:03:06,636 [main] [com.alibaba.druid.pool.DruidDataSource] - [INFO] {dataSource-1} inited
2025-07-21 15:03:06,636 [main] [org.mybatis.spring.transaction.SpringManagedTransaction] - [DEBUG] JDBC Connection [com.mysql.cj.jdbc.ConnectionImpl@1acaf3d] will not be managed by Spring
2025-07-21 15:03:06,636 [main] [com.lsxp.mapper.UserAccountMapper.findPasswordByAccount] - [DEBUG] ==>  Preparing: select password from user_account where account = ?
2025-07-21 15:03:06,652 [main] [com.lsxp.mapper.UserAccountMapper.findPasswordByAccount] - [DEBUG] ==> Parameters: 123(String)
2025-07-21 15:03:06,667 [main] [com.lsxp.mapper.UserAccountMapper.findPasswordByAccount] - [DEBUG] <==      Total: 1
2025-07-21 15:03:06,667 [main] [org.mybatis.spring.SqlSessionUtils] - [DEBUG] Closing non transactional SqlSession [org.apache.ibatis.session.defaults.DefaultSqlSession@776b83cc]
2025-07-21 15:03:44,219 [main] [org.springframework.context.support.ClassPathXmlApplicationContext] - [DEBUG] Refreshing org.springframework.context.support.ClassPathXmlApplicationContext@7e0babb1
2025-07-21 15:03:44,356 [main] [org.springframework.beans.factory.xml.XmlBeanDefinitionReader] - [DEBUG] Loaded 7 bean definitions from class path resource [applicationContext.xml]
2025-07-21 15:03:44,387 [main] [org.springframework.beans.factory.support.DefaultListableBeanFactory] - [DEBUG] Creating shared instance of singleton bean 'dataSource'
2025-07-21 15:03:44,466 [main] [org.springframework.beans.factory.support.DefaultListableBeanFactory] - [DEBUG] Creating shared instance of singleton bean 'sqlSessionFactory'
2025-07-21 15:03:44,607 [main] [org.mybatis.spring.SqlSessionFactoryBean] - [DEBUG] Parsed configuration file: 'class path resource [mybatis-config.xml]'
2025-07-21 15:03:44,607 [main] [org.mybatis.spring.SqlSessionFactoryBean] - [DEBUG] Property 'mapperLocations' was not specified.
2025-07-21 15:03:44,607 [main] [org.springframework.beans.factory.support.DefaultListableBeanFactory] - [DEBUG] Creating shared instance of singleton bean 'userAccountMapper'
2025-07-21 15:03:44,607 [main] [org.springframework.beans.factory.support.DefaultListableBeanFactory] - [DEBUG] Creating shared instance of singleton bean 'helloSpring'
2025-07-21 15:03:44,623 [main] [org.springframework.beans.factory.support.DefaultListableBeanFactory] - [DEBUG] Creating shared instance of singleton bean 'User'
2025-07-21 15:03:44,623 [main] [org.springframework.beans.factory.support.DefaultListableBeanFactory] - [DEBUG] Creating shared instance of singleton bean 'Column'
2025-07-21 15:03:44,623 [main] [org.springframework.beans.factory.support.DefaultListableBeanFactory] - [DEBUG] Creating shared instance of singleton bean 'userAccountService'
2025-07-21 15:03:44,638 [main] [org.mybatis.spring.SqlSessionUtils] - [DEBUG] Creating a new SqlSession
2025-07-21 15:03:44,654 [main] [org.mybatis.spring.SqlSessionUtils] - [DEBUG] SqlSession [org.apache.ibatis.session.defaults.DefaultSqlSession@776b83cc] was not registered for synchronization because synchronization is not active
2025-07-21 15:03:44,654 [main] [org.springframework.jdbc.datasource.DataSourceUtils] - [DEBUG] Fetching JDBC Connection from DataSource
2025-07-21 15:03:44,889 [main] [com.alibaba.druid.pool.DruidDataSource] - [INFO] {dataSource-1} inited
2025-07-21 15:03:44,889 [main] [org.mybatis.spring.transaction.SpringManagedTransaction] - [DEBUG] JDBC Connection [com.mysql.cj.jdbc.ConnectionImpl@1acaf3d] will not be managed by Spring
2025-07-21 15:03:44,904 [main] [com.lsxp.mapper.UserAccountMapper.findPasswordByAccount] - [DEBUG] ==>  Preparing: select password from user_account where account = ?
2025-07-21 15:03:44,921 [main] [com.lsxp.mapper.UserAccountMapper.findPasswordByAccount] - [DEBUG] ==> Parameters: 123(String)
2025-07-21 15:03:44,936 [main] [com.lsxp.mapper.UserAccountMapper.findPasswordByAccount] - [DEBUG] <==      Total: 1
2025-07-21 15:03:44,936 [main] [org.mybatis.spring.SqlSessionUtils] - [DEBUG] Closing non transactional SqlSession [org.apache.ibatis.session.defaults.DefaultSqlSession@776b83cc]
2025-07-21 15:03:52,314 [main] [org.springframework.context.support.ClassPathXmlApplicationContext] - [DEBUG] Refreshing org.springframework.context.support.ClassPathXmlApplicationContext@7e0babb1
2025-07-21 15:03:52,449 [main] [org.springframework.beans.factory.xml.XmlBeanDefinitionReader] - [DEBUG] Loaded 7 bean definitions from class path resource [applicationContext.xml]
2025-07-21 15:03:52,480 [main] [org.springframework.beans.factory.support.DefaultListableBeanFactory] - [DEBUG] Creating shared instance of singleton bean 'dataSource'
2025-07-21 15:03:52,558 [main] [org.springframework.beans.factory.support.DefaultListableBeanFactory] - [DEBUG] Creating shared instance of singleton bean 'sqlSessionFactory'
2025-07-21 15:03:52,706 [main] [org.mybatis.spring.SqlSessionFactoryBean] - [DEBUG] Parsed configuration file: 'class path resource [mybatis-config.xml]'
2025-07-21 15:03:52,706 [main] [org.mybatis.spring.SqlSessionFactoryBean] - [DEBUG] Property 'mapperLocations' was not specified.
2025-07-21 15:03:52,715 [main] [org.springframework.beans.factory.support.DefaultListableBeanFactory] - [DEBUG] Creating shared instance of singleton bean 'userAccountMapper'
2025-07-21 15:03:52,715 [main] [org.springframework.beans.factory.support.DefaultListableBeanFactory] - [DEBUG] Creating shared instance of singleton bean 'helloSpring'
2025-07-21 15:03:52,715 [main] [org.springframework.beans.factory.support.DefaultListableBeanFactory] - [DEBUG] Creating shared instance of singleton bean 'User'
2025-07-21 15:03:52,730 [main] [org.springframework.beans.factory.support.DefaultListableBeanFactory] - [DEBUG] Creating shared instance of singleton bean 'Column'
2025-07-21 15:03:52,730 [main] [org.springframework.beans.factory.support.DefaultListableBeanFactory] - [DEBUG] Creating shared instance of singleton bean 'userAccountService'
2025-07-21 15:03:52,746 [main] [org.mybatis.spring.SqlSessionUtils] - [DEBUG] Creating a new SqlSession
2025-07-21 15:03:52,746 [main] [org.mybatis.spring.SqlSessionUtils] - [DEBUG] SqlSession [org.apache.ibatis.session.defaults.DefaultSqlSession@776b83cc] was not registered for synchronization because synchronization is not active
2025-07-21 15:03:52,761 [main] [org.springframework.jdbc.datasource.DataSourceUtils] - [DEBUG] Fetching JDBC Connection from DataSource
2025-07-21 15:03:52,981 [main] [com.alibaba.druid.pool.DruidDataSource] - [INFO] {dataSource-1} inited
2025-07-21 15:03:52,981 [main] [org.mybatis.spring.transaction.SpringManagedTransaction] - [DEBUG] JDBC Connection [com.mysql.cj.jdbc.ConnectionImpl@1acaf3d] will not be managed by Spring
2025-07-21 15:03:52,996 [main] [com.lsxp.mapper.UserAccountMapper.findPasswordByAccount] - [DEBUG] ==>  Preparing: select password from user_account where account = ?
2025-07-21 15:03:53,012 [main] [com.lsxp.mapper.UserAccountMapper.findPasswordByAccount] - [DEBUG] ==> Parameters: 123(String)
2025-07-21 15:03:53,012 [main] [com.lsxp.mapper.UserAccountMapper.findPasswordByAccount] - [DEBUG] <==      Total: 1
2025-07-21 15:03:53,012 [main] [org.mybatis.spring.SqlSessionUtils] - [DEBUG] Closing non transactional SqlSession [org.apache.ibatis.session.defaults.DefaultSqlSession@776b83cc]
2025-07-21 15:04:00,674 [main] [org.springframework.context.support.ClassPathXmlApplicationContext] - [DEBUG] Refreshing org.springframework.context.support.ClassPathXmlApplicationContext@7e0babb1
2025-07-21 15:04:00,799 [main] [org.springframework.beans.factory.xml.XmlBeanDefinitionReader] - [DEBUG] Loaded 7 bean definitions from class path resource [applicationContext.xml]
2025-07-21 15:04:00,831 [main] [org.springframework.beans.factory.support.DefaultListableBeanFactory] - [DEBUG] Creating shared instance of singleton bean 'dataSource'
2025-07-21 15:04:00,909 [main] [org.springframework.beans.factory.support.DefaultListableBeanFactory] - [DEBUG] Creating shared instance of singleton bean 'sqlSessionFactory'
2025-07-21 15:04:01,036 [main] [org.mybatis.spring.SqlSessionFactoryBean] - [DEBUG] Parsed configuration file: 'class path resource [mybatis-config.xml]'
2025-07-21 15:04:01,036 [main] [org.mybatis.spring.SqlSessionFactoryBean] - [DEBUG] Property 'mapperLocations' was not specified.
2025-07-21 15:04:01,036 [main] [org.springframework.beans.factory.support.DefaultListableBeanFactory] - [DEBUG] Creating shared instance of singleton bean 'userAccountMapper'
2025-07-21 15:04:01,051 [main] [org.springframework.beans.factory.support.DefaultListableBeanFactory] - [DEBUG] Creating shared instance of singleton bean 'helloSpring'
2025-07-21 15:04:01,051 [main] [org.springframework.beans.factory.support.DefaultListableBeanFactory] - [DEBUG] Creating shared instance of singleton bean 'User'
2025-07-21 15:04:01,067 [main] [org.springframework.beans.factory.support.DefaultListableBeanFactory] - [DEBUG] Creating shared instance of singleton bean 'Column'
2025-07-21 15:04:01,067 [main] [org.springframework.beans.factory.support.DefaultListableBeanFactory] - [DEBUG] Creating shared instance of singleton bean 'userAccountService'
2025-07-21 15:04:01,085 [main] [org.mybatis.spring.SqlSessionUtils] - [DEBUG] Creating a new SqlSession
2025-07-21 15:04:01,085 [main] [org.mybatis.spring.SqlSessionUtils] - [DEBUG] SqlSession [org.apache.ibatis.session.defaults.DefaultSqlSession@776b83cc] was not registered for synchronization because synchronization is not active
2025-07-21 15:04:01,101 [main] [org.springframework.jdbc.datasource.DataSourceUtils] - [DEBUG] Fetching JDBC Connection from DataSource
2025-07-21 15:04:01,336 [main] [com.alibaba.druid.pool.DruidDataSource] - [INFO] {dataSource-1} inited
2025-07-21 15:04:01,351 [main] [org.mybatis.spring.transaction.SpringManagedTransaction] - [DEBUG] JDBC Connection [com.mysql.cj.jdbc.ConnectionImpl@1acaf3d] will not be managed by Spring
2025-07-21 15:04:01,351 [main] [com.lsxp.mapper.UserAccountMapper.findPasswordByAccount] - [DEBUG] ==>  Preparing: select password from user_account where account = ?
2025-07-21 15:04:01,367 [main] [com.lsxp.mapper.UserAccountMapper.findPasswordByAccount] - [DEBUG] ==> Parameters: 123(String)
2025-07-21 15:04:01,382 [main] [com.lsxp.mapper.UserAccountMapper.findPasswordByAccount] - [DEBUG] <==      Total: 1
2025-07-21 15:04:01,382 [main] [org.mybatis.spring.SqlSessionUtils] - [DEBUG] Closing non transactional SqlSession [org.apache.ibatis.session.defaults.DefaultSqlSession@776b83cc]
2025-07-21 15:04:07,293 [main] [org.springframework.context.support.ClassPathXmlApplicationContext] - [DEBUG] Refreshing org.springframework.context.support.ClassPathXmlApplicationContext@7e0babb1
2025-07-21 15:04:07,434 [main] [org.springframework.beans.factory.xml.XmlBeanDefinitionReader] - [DEBUG] Loaded 7 bean definitions from class path resource [applicationContext.xml]
2025-07-21 15:04:07,466 [main] [org.springframework.beans.factory.support.DefaultListableBeanFactory] - [DEBUG] Creating shared instance of singleton bean 'dataSource'
2025-07-21 15:04:07,559 [main] [org.springframework.beans.factory.support.DefaultListableBeanFactory] - [DEBUG] Creating shared instance of singleton bean 'sqlSessionFactory'
2025-07-21 15:04:07,708 [main] [org.mybatis.spring.SqlSessionFactoryBean] - [DEBUG] Parsed configuration file: 'class path resource [mybatis-config.xml]'
2025-07-21 15:04:07,708 [main] [org.mybatis.spring.SqlSessionFactoryBean] - [DEBUG] Property 'mapperLocations' was not specified.
2025-07-21 15:04:07,708 [main] [org.springframework.beans.factory.support.DefaultListableBeanFactory] - [DEBUG] Creating shared instance of singleton bean 'userAccountMapper'
2025-07-21 15:04:07,708 [main] [org.springframework.beans.factory.support.DefaultListableBeanFactory] - [DEBUG] Creating shared instance of singleton bean 'helloSpring'
2025-07-21 15:04:07,723 [main] [org.springframework.beans.factory.support.DefaultListableBeanFactory] - [DEBUG] Creating shared instance of singleton bean 'User'
2025-07-21 15:04:07,723 [main] [org.springframework.beans.factory.support.DefaultListableBeanFactory] - [DEBUG] Creating shared instance of singleton bean 'Column'
2025-07-21 15:04:07,723 [main] [org.springframework.beans.factory.support.DefaultListableBeanFactory] - [DEBUG] Creating shared instance of singleton bean 'userAccountService'
2025-07-21 15:04:07,739 [main] [org.mybatis.spring.SqlSessionUtils] - [DEBUG] Creating a new SqlSession
2025-07-21 15:04:07,755 [main] [org.mybatis.spring.SqlSessionUtils] - [DEBUG] SqlSession [org.apache.ibatis.session.defaults.DefaultSqlSession@776b83cc] was not registered for synchronization because synchronization is not active
2025-07-21 15:04:07,755 [main] [org.springframework.jdbc.datasource.DataSourceUtils] - [DEBUG] Fetching JDBC Connection from DataSource
2025-07-21 15:04:07,974 [main] [com.alibaba.druid.pool.DruidDataSource] - [INFO] {dataSource-1} inited
2025-07-21 15:04:07,990 [main] [org.mybatis.spring.transaction.SpringManagedTransaction] - [DEBUG] JDBC Connection [com.mysql.cj.jdbc.ConnectionImpl@1acaf3d] will not be managed by Spring
2025-07-21 15:04:07,990 [main] [com.lsxp.mapper.UserAccountMapper.findPasswordByAccount] - [DEBUG] ==>  Preparing: select password from user_account where account = ?
2025-07-21 15:04:08,005 [main] [com.lsxp.mapper.UserAccountMapper.findPasswordByAccount] - [DEBUG] ==> Parameters: 123(String)
2025-07-21 15:04:08,005 [main] [com.lsxp.mapper.UserAccountMapper.findPasswordByAccount] - [DEBUG] <==      Total: 1
2025-07-21 15:04:08,005 [main] [org.mybatis.spring.SqlSessionUtils] - [DEBUG] Closing non transactional SqlSession [org.apache.ibatis.session.defaults.DefaultSqlSession@776b83cc]
2025-07-21 15:08:22,724 [main] [org.springframework.context.support.ClassPathXmlApplicationContext] - [DEBUG] Refreshing org.springframework.context.support.ClassPathXmlApplicationContext@7e0babb1
2025-07-21 15:08:50,006 [main] [org.springframework.context.support.ClassPathXmlApplicationContext] - [DEBUG] Refreshing org.springframework.context.support.ClassPathXmlApplicationContext@7e0babb1
2025-07-21 15:08:50,115 [main] [org.springframework.beans.factory.xml.XmlBeanDefinitionReader] - [DEBUG] Loaded 7 bean definitions from class path resource [applicationContext.xml]
2025-07-21 15:08:50,162 [main] [org.springframework.beans.factory.support.DefaultListableBeanFactory] - [DEBUG] Creating shared instance of singleton bean 'dataSource'
2025-07-21 15:08:50,240 [main] [org.springframework.beans.factory.support.DefaultListableBeanFactory] - [DEBUG] Creating shared instance of singleton bean 'sqlSessionFactory'
2025-07-21 15:08:50,365 [main] [org.mybatis.spring.SqlSessionFactoryBean] - [DEBUG] Parsed configuration file: 'class path resource [mybatis-config.xml]'
2025-07-21 15:08:50,365 [main] [org.mybatis.spring.SqlSessionFactoryBean] - [DEBUG] Property 'mapperLocations' was not specified.
2025-07-21 15:08:50,365 [main] [org.springframework.beans.factory.support.DefaultListableBeanFactory] - [DEBUG] Creating shared instance of singleton bean 'userAccountMapper'
2025-07-21 15:08:50,381 [main] [org.springframework.beans.factory.support.DefaultListableBeanFactory] - [DEBUG] Creating shared instance of singleton bean 'helloSpring'
2025-07-21 15:08:50,381 [main] [org.springframework.beans.factory.support.DefaultListableBeanFactory] - [DEBUG] Creating shared instance of singleton bean 'User'
2025-07-21 15:08:50,396 [main] [org.springframework.beans.factory.support.DefaultListableBeanFactory] - [DEBUG] Creating shared instance of singleton bean 'Column'
2025-07-21 15:08:50,396 [main] [org.springframework.beans.factory.support.DefaultListableBeanFactory] - [DEBUG] Creating shared instance of singleton bean 'userAccountService'
2025-07-21 15:08:50,412 [main] [org.mybatis.spring.SqlSessionUtils] - [DEBUG] Creating a new SqlSession
2025-07-21 15:08:50,412 [main] [org.mybatis.spring.SqlSessionUtils] - [DEBUG] SqlSession [org.apache.ibatis.session.defaults.DefaultSqlSession@776b83cc] was not registered for synchronization because synchronization is not active
2025-07-21 15:08:50,412 [main] [org.springframework.jdbc.datasource.DataSourceUtils] - [DEBUG] Fetching JDBC Connection from DataSource
2025-07-21 15:08:50,639 [main] [com.alibaba.druid.pool.DruidDataSource] - [INFO] {dataSource-1} inited
2025-07-21 15:08:50,654 [main] [org.mybatis.spring.transaction.SpringManagedTransaction] - [DEBUG] JDBC Connection [com.mysql.cj.jdbc.ConnectionImpl@1acaf3d] will not be managed by Spring
2025-07-21 15:08:50,654 [main] [com.lsxp.mapper.UserAccountMapper.findPasswordByAccount] - [DEBUG] ==>  Preparing: select password from user_account where account = ?
2025-07-21 15:08:50,670 [main] [com.lsxp.mapper.UserAccountMapper.findPasswordByAccount] - [DEBUG] ==> Parameters: 123(String)
2025-07-21 15:08:50,670 [main] [com.lsxp.mapper.UserAccountMapper.findPasswordByAccount] - [DEBUG] <==      Total: 1
2025-07-21 15:08:50,686 [main] [org.mybatis.spring.SqlSessionUtils] - [DEBUG] Closing non transactional SqlSession [org.apache.ibatis.session.defaults.DefaultSqlSession@776b83cc]
2025-07-21 15:12:34,858 [main] [com.lsxp.mapper.UserAccountMapper.findPasswordByAccount] - [DEBUG] ==>  Preparing: select password from user_account where account = ?
2025-07-21 15:12:34,873 [main] [com.lsxp.mapper.UserAccountMapper.findPasswordByAccount] - [DEBUG] ==> Parameters: 123(String)
2025-07-21 15:12:34,889 [main] [com.lsxp.mapper.UserAccountMapper.findPasswordByAccount] - [DEBUG] <==      Total: 1
